<?xml version="1.0" encoding="UTF-8"?>
<testsuite name="com.co.karate.certificacion.example.runners.exampleRunner" tests="0" skipped="0" failures="0" errors="0" timestamp="1970-01-01T00:00:00" hostname="SQA-1927" time="0.0">
  <properties/>
  <system-out><![CDATA[13:51:33.637 [Test worker] WARN com.intuit.karate - skipping bootstrap configuration: could not find or read file: classpath:karate-config.js
---------------------------------------------------------
feature: src/test/resources/features/example3.feature
scenarios:  1 | passed:  1 | failed:  0 | time: 1,6222
---------------------------------------------------------

HTML report: (paste into browser to view) | Karate version: 0.9.5.RC5
file:/C:/Users/Usuario/Downloads/First%20Karate%20Example%20about%20services/build/surefire-reports/src.test.resources.features.example3.html
---------------------------------------------------------

]]></system-out>
  <system-err><![CDATA[]]></system-err>
</testsuite>
