<?xml version="1.0" encoding="UTF-8"?>
<testsuite name="[example3] Test User API" tests="1" skipped="0" failures="0" errors="0" timestamp="2019-12-30T18:51:33" hostname="SQA-1927" time="1.641">
  <properties/>
  <testcase name="[1:4] Fetch all usersxxs" classname="[example3] Test User API" time="1.641"/>
  <system-out><![CDATA[13:51:34.317 [Test worker] DEBUG org.apache.http.client.protocol.RequestAddCookies - CookieSpec selected: karate
13:51:34.324 [Test worker] DEBUG org.apache.http.client.protocol.RequestAuthCache - Auth cache not set in the context
13:51:34.329 [Test worker] DEBUG com.intuit.karate - request:
1 > GET https://petstore.swagger.io/v2/user/ss
1 > Accept-Encoding: gzip,deflate
1 > Connection: Keep-Alive
1 > Host: petstore.swagger.io
1 > User-Agent: Apache-HttpClient/4.5.5 (Java/1.8.0_221)

13:51:34.330 [Test worker] DEBUG org.apache.http.impl.conn.PoolingHttpClientConnectionManager - Connection request: [route: {s}->https://petstore.swagger.io:443][total kept alive: 0; route allocated: 0 of 5; total allocated: 0 of 10]
13:51:34.342 [Test worker] DEBUG org.apache.http.impl.conn.PoolingHttpClientConnectionManager - Connection leased: [id: 0][route: {s}->https://petstore.swagger.io:443][total kept alive: 0; route allocated: 1 of 5; total allocated: 1 of 10]
13:51:34.345 [Test worker] DEBUG org.apache.http.impl.execchain.MainClientExec - Opening connection {s}->https://petstore.swagger.io:443
13:51:34.350 [Test worker] DEBUG org.apache.http.impl.conn.DefaultHttpClientConnectionOperator - Connecting to petstore.swagger.io/23.22.16.221:443
13:51:34.350 [Test worker] DEBUG org.apache.http.conn.ssl.SSLConnectionSocketFactory - Connecting socket to petstore.swagger.io/23.22.16.221:443 with timeout 30000
13:51:34.658 [Test worker] DEBUG org.apache.http.conn.ssl.SSLConnectionSocketFactory - Enabled protocols: [TLSv1, TLSv1.1, TLSv1.2]
13:51:34.658 [Test worker] DEBUG org.apache.http.conn.ssl.SSLConnectionSocketFactory - Enabled cipher suites:[TLS_ECDHE_ECDSA_WITH_AES_256_CBC_SHA384, TLS_ECDHE_RSA_WITH_AES_256_CBC_SHA384, TLS_RSA_WITH_AES_256_CBC_SHA256, TLS_ECDH_ECDSA_WITH_AES_256_CBC_SHA384, TLS_ECDH_RSA_WITH_AES_256_CBC_SHA384, TLS_DHE_RSA_WITH_AES_256_CBC_SHA256, TLS_DHE_DSS_WITH_AES_256_CBC_SHA256, TLS_ECDHE_ECDSA_WITH_AES_256_CBC_SHA, TLS_ECDHE_RSA_WITH_AES_256_CBC_SHA, TLS_RSA_WITH_AES_256_CBC_SHA, TLS_ECDH_ECDSA_WITH_AES_256_CBC_SHA, TLS_ECDH_RSA_WITH_AES_256_CBC_SHA, TLS_DHE_RSA_WITH_AES_256_CBC_SHA, TLS_DHE_DSS_WITH_AES_256_CBC_SHA, TLS_ECDHE_ECDSA_WITH_AES_128_CBC_SHA256, TLS_ECDHE_RSA_WITH_AES_128_CBC_SHA256, TLS_RSA_WITH_AES_128_CBC_SHA256, TLS_ECDH_ECDSA_WITH_AES_128_CBC_SHA256, TLS_ECDH_RSA_WITH_AES_128_CBC_SHA256, TLS_DHE_RSA_WITH_AES_128_CBC_SHA256, TLS_DHE_DSS_WITH_AES_128_CBC_SHA256, TLS_ECDHE_ECDSA_WITH_AES_128_CBC_SHA, TLS_ECDHE_RSA_WITH_AES_128_CBC_SHA, TLS_RSA_WITH_AES_128_CBC_SHA, TLS_ECDH_ECDSA_WITH_AES_128_CBC_SHA, TLS_ECDH_RSA_WITH_AES_128_CBC_SHA, TLS_DHE_RSA_WITH_AES_128_CBC_SHA, TLS_DHE_DSS_WITH_AES_128_CBC_SHA, TLS_ECDHE_ECDSA_WITH_AES_256_GCM_SHA384, TLS_ECDHE_ECDSA_WITH_AES_128_GCM_SHA256, TLS_ECDHE_RSA_WITH_AES_256_GCM_SHA384, TLS_RSA_WITH_AES_256_GCM_SHA384, TLS_ECDH_ECDSA_WITH_AES_256_GCM_SHA384, TLS_ECDH_RSA_WITH_AES_256_GCM_SHA384, TLS_DHE_RSA_WITH_AES_256_GCM_SHA384, TLS_DHE_DSS_WITH_AES_256_GCM_SHA384, TLS_ECDHE_RSA_WITH_AES_128_GCM_SHA256, TLS_RSA_WITH_AES_128_GCM_SHA256, TLS_ECDH_ECDSA_WITH_AES_128_GCM_SHA256, TLS_ECDH_RSA_WITH_AES_128_GCM_SHA256, TLS_DHE_RSA_WITH_AES_128_GCM_SHA256, TLS_DHE_DSS_WITH_AES_128_GCM_SHA256, TLS_EMPTY_RENEGOTIATION_INFO_SCSV]
13:51:34.659 [Test worker] DEBUG org.apache.http.conn.ssl.SSLConnectionSocketFactory - Starting handshake
13:51:35.019 [Test worker] DEBUG org.apache.http.conn.ssl.SSLConnectionSocketFactory - Secure session established
13:51:35.020 [Test worker] DEBUG org.apache.http.conn.ssl.SSLConnectionSocketFactory -  negotiated protocol: TLSv1.2
13:51:35.020 [Test worker] DEBUG org.apache.http.conn.ssl.SSLConnectionSocketFactory -  negotiated cipher suite: TLS_ECDHE_RSA_WITH_AES_128_GCM_SHA256
13:51:35.020 [Test worker] DEBUG org.apache.http.conn.ssl.SSLConnectionSocketFactory -  peer principal: CN=*.swagger.io, OU=Domain Control Validated
13:51:35.021 [Test worker] DEBUG org.apache.http.conn.ssl.SSLConnectionSocketFactory -  peer alternative names: [*.swagger.io, swagger.io]
13:51:35.021 [Test worker] DEBUG org.apache.http.conn.ssl.SSLConnectionSocketFactory -  issuer principal: CN=Go Daddy Secure Certificate Authority - G2, OU=http://certs.godaddy.com/repository/, O="GoDaddy.com, Inc.", L=Scottsdale, ST=Arizona, C=US
13:51:35.033 [Test worker] DEBUG org.apache.http.impl.conn.DefaultHttpClientConnectionOperator - Connection established 172.17.31.164:58832<->23.22.16.221:443
13:51:35.034 [Test worker] DEBUG org.apache.http.impl.conn.DefaultManagedHttpClientConnection - http-outgoing-0: set socket timeout to 30000
13:51:35.034 [Test worker] DEBUG org.apache.http.impl.execchain.MainClientExec - Executing request GET /v2/user/ss HTTP/1.1
13:51:35.034 [Test worker] DEBUG org.apache.http.impl.execchain.MainClientExec - Target auth state: UNCHALLENGED
13:51:35.036 [Test worker] DEBUG org.apache.http.impl.execchain.MainClientExec - Proxy auth state: UNCHALLENGED
13:51:35.039 [Test worker] DEBUG org.apache.http.headers - http-outgoing-0 >> GET /v2/user/ss HTTP/1.1
13:51:35.039 [Test worker] DEBUG org.apache.http.headers - http-outgoing-0 >> Host: petstore.swagger.io
13:51:35.041 [Test worker] DEBUG org.apache.http.headers - http-outgoing-0 >> Connection: Keep-Alive
13:51:35.042 [Test worker] DEBUG org.apache.http.headers - http-outgoing-0 >> User-Agent: Apache-HttpClient/4.5.5 (Java/1.8.0_221)
13:51:35.042 [Test worker] DEBUG org.apache.http.headers - http-outgoing-0 >> Accept-Encoding: gzip,deflate
13:51:35.042 [Test worker] DEBUG org.apache.http.wire - http-outgoing-0 >> "GET /v2/user/ss HTTP/1.1[\r][\n]"
13:51:35.044 [Test worker] DEBUG org.apache.http.wire - http-outgoing-0 >> "Host: petstore.swagger.io[\r][\n]"
13:51:35.045 [Test worker] DEBUG org.apache.http.wire - http-outgoing-0 >> "Connection: Keep-Alive[\r][\n]"
13:51:35.046 [Test worker] DEBUG org.apache.http.wire - http-outgoing-0 >> "User-Agent: Apache-HttpClient/4.5.5 (Java/1.8.0_221)[\r][\n]"
13:51:35.046 [Test worker] DEBUG org.apache.http.wire - http-outgoing-0 >> "Accept-Encoding: gzip,deflate[\r][\n]"
13:51:35.047 [Test worker] DEBUG org.apache.http.wire - http-outgoing-0 >> "[\r][\n]"
13:51:35.141 [Test worker] DEBUG org.apache.http.wire - http-outgoing-0 << "HTTP/1.1 200 OK[\r][\n]"
13:51:35.141 [Test worker] DEBUG org.apache.http.wire - http-outgoing-0 << "Date: Mon, 30 Dec 2019 18:51:35 GMT[\r][\n]"
13:51:35.142 [Test worker] DEBUG org.apache.http.wire - http-outgoing-0 << "Access-Control-Allow-Origin: *[\r][\n]"
13:51:35.142 [Test worker] DEBUG org.apache.http.wire - http-outgoing-0 << "Access-Control-Allow-Methods: GET, POST, DELETE, PUT[\r][\n]"
13:51:35.142 [Test worker] DEBUG org.apache.http.wire - http-outgoing-0 << "Access-Control-Allow-Headers: Content-Type, api_key, Authorization[\r][\n]"
13:51:35.142 [Test worker] DEBUG org.apache.http.wire - http-outgoing-0 << "Content-Type: application/json[\r][\n]"
13:51:35.143 [Test worker] DEBUG org.apache.http.wire - http-outgoing-0 << "Connection: close[\r][\n]"
13:51:35.143 [Test worker] DEBUG org.apache.http.wire - http-outgoing-0 << "Server: Jetty(9.2.9.v20150224)[\r][\n]"
13:51:35.143 [Test worker] DEBUG org.apache.http.wire - http-outgoing-0 << "[\r][\n]"
13:51:35.143 [Test worker] DEBUG org.apache.http.wire - http-outgoing-0 << "{"id":11,"username":"ss","firstName":"dld","lastName":"dcd","email":"d@gmail.com","password":"3ede","phone":"33322111","userStatus":10}"
13:51:35.154 [Test worker] DEBUG org.apache.http.headers - http-outgoing-0 << HTTP/1.1 200 OK
13:51:35.155 [Test worker] DEBUG org.apache.http.headers - http-outgoing-0 << Date: Mon, 30 Dec 2019 18:51:35 GMT
13:51:35.155 [Test worker] DEBUG org.apache.http.headers - http-outgoing-0 << Access-Control-Allow-Origin: *
13:51:35.155 [Test worker] DEBUG org.apache.http.headers - http-outgoing-0 << Access-Control-Allow-Methods: GET, POST, DELETE, PUT
13:51:35.155 [Test worker] DEBUG org.apache.http.headers - http-outgoing-0 << Access-Control-Allow-Headers: Content-Type, api_key, Authorization
13:51:35.156 [Test worker] DEBUG org.apache.http.headers - http-outgoing-0 << Content-Type: application/json
13:51:35.156 [Test worker] DEBUG org.apache.http.headers - http-outgoing-0 << Connection: close
13:51:35.157 [Test worker] DEBUG org.apache.http.headers - http-outgoing-0 << Server: Jetty(9.2.9.v20150224)
13:51:35.176 [Test worker] DEBUG org.apache.http.wire - http-outgoing-0 << "end of stream"
13:51:35.176 [Test worker] DEBUG org.apache.http.impl.conn.DefaultManagedHttpClientConnection - http-outgoing-0: Close connection
13:51:35.176 [Test worker] DEBUG org.apache.http.impl.execchain.MainClientExec - Connection discarded
13:51:35.179 [Test worker] DEBUG org.apache.http.impl.conn.PoolingHttpClientConnectionManager - Connection released: [id: 0][route: {s}->https://petstore.swagger.io:443][total kept alive: 0; route allocated: 0 of 5; total allocated: 0 of 10]
13:51:35.179 [Test worker] DEBUG com.intuit.karate - response time in milliseconds: 841,60
1 < 200
1 < Access-Control-Allow-Headers: Content-Type, api_key, Authorization
1 < Access-Control-Allow-Methods: GET, POST, DELETE, PUT
1 < Access-Control-Allow-Origin: *
1 < Connection: close
1 < Content-Type: application/json
1 < Date: Mon, 30 Dec 2019 18:51:35 GMT
1 < Server: Jetty(9.2.9.v20150224)
{"id":11,"username":"ss","firstName":"dld","lastName":"dcd","email":"d@gmail.com","password":"3ede","phone":"33322111","userStatus":10}

13:51:35.277 [Test worker] DEBUG com.jayway.jsonpath.internal.path.CompiledPath - Evaluating path: $
13:51:35.284 [Test worker] INFO com.intuit.karate - [print] resp:ss
]]></system-out>
  <system-err><![CDATA[]]></system-err>
</testsuite>
